Starting CAP Project Generator...
Using @sap/cds-dk [9.9.1] from /extbin/globals/bun/global/install/node_modules/@sap/cds-dk
Using @sap/generator-cap-project [2.0.6] from [/extbin/globals/bun/global/install/node_modules/@sap/generator-cap-project]
Using root path [/home/user/projects]

Creating project with application-logging, approuter, audit-logging, connectivity, destination, hana, html5-repo, mta, nodejs, notifications, pipeline, portal, sample, tiny-sample, xsuaa

Adding facet: nodejs
Adding facet: mta
Adding facet: tiny-sample
Adding facet: sample
Adding facet: xsuaa
Adding facet: hana
Adding facet: approuter
Adding facet: connectivity
Adding facet: destination
Adding facet: html5-repo
Adding facet: portal
Adding facet: application-logging
Adding facet: audit-logging
Adding facet: notifications
Adding UI5 integration to the pipeline for the detected UI5 apps...
Adding facet: pipeline

Successfully initialized CAP project
Continue with: code generator-saphanacademy-cap 
for information on project "Piper" and its pipelines see https://www.project-piper.io/


Installing dependencies...

added 333 packages, and audited 334 packages in 8s

43 packages are looking for funding
  run `npm fund` for details

found 0 vulnerabilities

Finished installing dependencies

Done setting up project generator-saphanacademy-cap
Project is ready to use

